Aug 10, 2017 ; @             
            Chicago ; PRE ; W ; 24-17 ; W ; 1 ; O ; 36.5 ; No ; Recap
Aug 19, 2017 ; @             
            San Francisco ; PRE ; W ; 33-14 ; W ; 3 ; O ; 40 ; No ; Recap
Aug 26, 2017 ; vs            
            Green Bay ; PRE ; W ; 20-17 ; P ; -3 ; U ; 42 ; No ; Recap
Aug 31, 2017 ; vs            
            Arizona ; PRE ; W ; 30-2 ; W ; -2.5 ; U ; 35 ; No ; Recap
Sep 11, 2017 ; vs            
            LA Chargers ; REG ; W ; 24-21 ; P ; -3 ; O ; 41.5 ; Preview ; Recap
Sep 17, 2017 ; vs            
            Dallas ; REG ; W ; 42-17 ; W ; 2.5 ; O ; 44 ; Preview ; Recap
Sep 24, 2017 ; @             
            Buffalo ; REG ; L ; 26-16 ; L ; -3 ; O ; 40 ; Preview ; Recap
Oct 1, 2017 ; vs            
            Oakland ; REG ; W ; 16-10 ; W ; -3.5 ; U ; 44 ; Preview ; Recap
Oct 15, 2017 ; vs            
            NY Giants ; REG ; L ; 23-10 ; L ; -13.5 ; U ; 37.5 ; Preview ; Recap
Oct 22, 2017 ; @             
            LA Chargers ; REG ; L ; 21-0 ; L ; 0 ; U ; 41 ; Preview ; Recap
Oct 30, 2017 ; @             
            Kansas City ; REG ; L ; 29-19 ; L ; 7 ; O ; 42 ; Preview ; Recap
Nov 5, 2017 ; @             
            Philadelphia ; REG ; L ; 51-23 ; L ; 7 ; O ; 41 ; Preview ; Recap
Nov 12, 2017 ; vs            
            New England ; REG ; L ; 41-16 ; L ; 7 ; O ; 45 ; Preview ; Recap
Nov 19, 2017 ; vs            
            Cincinnati ; REG ; L ; 20-17 ; L ; -2.5 ; P ; 37 ; Preview ; No
Nov 26, 2017 ; @             
            Oakland ; REG ;  ; 0-0 ;  ;  ;  ;  ; No ; No
Dec 3, 2017 ; @             
            Miami ; REG ;  ; 0-0 ;  ;  ;  ;  ; No ; No
Dec 10, 2017 ; vs            
            NY Jets ; REG ;  ; 0-0 ;  ;  ;  ;  ; No ; No
Dec 14, 2017 ; @             
            Indianapolis ; REG ;  ; 0-0 ;  ;  ;  ;  ; No ; No
Dec 24, 2017 ; @             
            Washington ; REG ;  ; 0-0 ;  ;  ;  ;  ; No ; No
Dec 31, 2017 ; vs            
            Kansas City ; REG ;  ; 0-0 ;  ;  ;  ;  ; No ; No
