Team Statistics ; 
 ; Eagles ; Opponents ; 
Total First Downs ; 238 ; 179 ; 
1st Downs (Rush-Pass-By Penalty) ; 81 - 133 - 24 ; 36 - 126 - 17 ; 
3rd Down Conversions ; 71/156 ; 40/140 ; 
4th Down Conversions ; 11/15 ; 4/14 ; 
Total Offensive Yds ; 4196 ; 3208 ; 
Offense (Plays-Avg Yds) ; 732 - 5.7 ; 666 - 4.8 ; 
Total Rushing Yds ; 1622 ; 716 ; 
Rushing (Plays-Avg Yards) ; 349 - 4.6 ; 207 - 3.5 ; 
Total Passing Yds ; 2574 ; 2492 ; 
Passing (Comp-Att-Int-Avg) ; 217 - 358 - 5 - 7.6 ; 258 - 428 - 16 - 6.3 ; 
Sacks ; 31 ; 25 ; 
Field Goals ; 21/25 ; 17/20 ; 
Touchdowns ; 41 ; 20 ; 
(Rush-Pass-Ret-Def) ; 9 - 28 - 0 - 4 ; 4 - 14 - 0 - 2 ; 
Time of Possession ; 33:13 ; 26:46 ; 
Turnover Ratio ; +9 ; 
Passing Statistics ; 
Player ; Att ; Comp ; Yds ; Comp % ; Yds/Att ; TD ; TD % ; INT ; INT % ; Long ; Sck ; Sack/Lost ; Rating ; 
Carson Wentz ; 354 ; 213 ; 2657 ; 60.2 ; 7.5 ; 28 ; 7.9 ; 5 ; 1.4 ; 72 ; 24 ; 131 ; 104.0 ; 
Nick Foles ; 4 ; 4 ; 56 ; 100.0 ; 14.0 ; 0 ; 0.0 ; 0 ; 0.0 ; 35 ; 1 ; 8 ; 118.8 ; 
Rushing Statistics ; 
Player ; Att ; Yds ; Yds/Att ; Long ; TD ; 
LeGarrette Blount ; 137 ; 658 ; 4.8 ; 68 ; 2 ; 
Corey Clement ; 58 ; 259 ; 4.5 ; 28 ; 4 ; 
Carson Wentz ; 55 ; 253 ; 4.6 ; 24 ; 0 ; 
Wendell Smallwood ; 43 ; 168 ; 3.9 ; 26 ; 1 ; 
Jay Ajayi ; 20 ; 194 ; 9.7 ; 71 ; 1 ; 
Darren Sproles ; 15 ; 61 ; 4.1 ; 12 ; 0 ; 
Kenjon Barner ; 13 ; 38 ; 2.9 ; 16 ; 1 ; 
Nick Foles ; 7 ; -6 ; -0.9 ; 0 ; 0 ; 
Torrey Smith ; 1 ; -3 ; -3.0 ; -3 ; 0 ; 
Receiving Statistics ; 
Player ; Rec ; Yds ; Yds/Rec ; Long ; TD ; 
Zach Ertz ; 55 ; 639 ; 11.6 ; 53 ; 7 ; 
Alshon Jeffery ; 43 ; 619 ; 14.4 ; 53 ; 7 ; 
Nelson Agholor ; 33 ; 458 ; 13.9 ; 72 ; 6 ; 
Torrey Smith ; 22 ; 279 ; 12.7 ; 59 ; 2 ; 
Mack Hollins ; 12 ; 191 ; 15.9 ; 64 ; 1 ; 
Trey Burton ; 11 ; 111 ; 10.1 ; 27 ; 2 ; 
Wendell Smallwood ; 10 ; 79 ; 7.9 ; 24 ; 0 ; 
Brent Celek ; 8 ; 100 ; 12.5 ; 28 ; 0 ; 
Darren Sproles ; 7 ; 73 ; 10.4 ; 16 ; 0 ; 
Corey Clement ; 4 ; 58 ; 14.5 ; 22 ; 2 ; 
Kenjon Barner ; 4 ; 42 ; 10.5 ; 22 ; 0 ; 
LeGarrette Blount ; 4 ; 25 ; 6.3 ; 20 ; 1 ; 
Marcus Johnson ; 2 ; 22 ; 11.0 ; 16 ; 0 ; 
Jay Ajayi ; 2 ; 17 ; 8.5 ; 10 ; 0 ; 
Field Goal Statistics ; 
Player ; 1-19 A ; 1-19 M ; 20-29 A ; 20-29 M ; 30-39 A ; 30-39 M ; 40-49 A ; 40-49 M ; 50+ A ; 50+ M ; 
Jake Elliott ; 0 ; 0 ; 1 ; 1 ; 4 ; 2 ; 11 ; 10 ; 6 ; 5 ; 
Caleb Sturgis ; 0 ; 0 ; 0 ; 0 ; 1 ; 1 ; 1 ; 1 ; 1 ; 1 ; 
TOTAL ; 0 ; 0 ; 1 ; 1 ; 5 ; 3 ; 12 ; 11 ; 7 ; 6 ; 
OPPONENTS TOTAL ; 0 ; 0 ; 6 ; 5 ; 5 ; 5 ; 4 ; 4 ; 5 ; 3 ; 
Punting Statistics ; 
Player ; Punts ; Avg ; Touchbacks/g ; IN 20 ; Long ; Blck ; 
Donnie Jones ; 42 ; 46.4 ; 4 ; 12 ; 61 ; 0 ; 
TOTAL ; 42 ; 46.4 ; 4 ; 12 ; 61 ; 0 ; 
OPPONENTS TOTAL ; 57 ; 45.7 ; 6 ; 19 ; 61 ; 0 ; 
Punt Return Statistics ; 
Player ; Returns ; FC ; Yds/Ret ; Long ; TD ; 
Kenjon Barner ; 17 ; 11 ; 11.8 ; 76 ; 0 ; 
Darren Sproles ; 1 ; 5 ; 10.0 ; 10 ; 0 ; 
Torrey Smith ; 1 ; 0 ; 9.0 ; 9 ; 0 ; 
TOTAL ; 19 ; 16 ; 11.5 ; 76 ; 0 ; 
OPPONENTS TOTAL ; 19 ; 7 ; 7.0 ; 44 ; 0 ; 
Kick Return Statistics ; 
Player ; Returns ; Yds ; Yds/Ret ; Long ; TD ; 
Wendell Smallwood ; 4 ; 93 ; 23.3 ; 28 ; 0 ; 
Kenjon Barner ; 4 ; 77 ; 19.3 ; 25 ; 0 ; 
Corey Clement ; 1 ; 35 ; 35.0 ; 35 ; 0 ; 
Brent Celek ; 1 ; 8 ; 8.0 ; 8 ; 0 ; 
TOTAL ; 10 ; 213 ; 21.3 ; 35 ; 0 ; 
OPPONENTS TOTAL ; 31 ; 711 ; 22.9 ; 61 ; 0 ; 
Defense Statistics ; 
Player ; Comb ; Total ; Assist ; Sck ; Fumb ; 
Malcolm Jenkins ; 53 ; 47 ; 6 ; 1.0 ; 0 ; 
Jalen Mills ; 51 ; 41 ; 10 ; 0.0 ; 0 ; 
Mychal Kendricks ; 54 ; 39 ; 15 ; 2.0 ; 0 ; 
Nigel Bradham ; 57 ; 38 ; 19 ; 1.0 ; 0 ; 
Patrick Robinson ; 35 ; 29 ; 6 ; 0.0 ; 0 ; 
Brandon Graham ; 34 ; 23 ; 11 ; 7.0 ; 2 ; 
Vinny Curry ; 32 ; 21 ; 11 ; 3.0 ; 0 ; 
Jordan Hicks ; 28 ; 19 ; 9 ; 0.0 ; 0 ; 
Rodney McLeod ; 27 ; 19 ; 8 ; 0.0 ; 1 ; 
Rasul Douglas ; 20 ; 19 ; 1 ; 0.0 ; 0 ; 
Corey Graham ; 20 ; 18 ; 2 ; 0.0 ; 0 ; 
Derek Barnett ; 17 ; 15 ; 2 ; 4.5 ; 1 ; 
Ronald Darby ; 14 ; 14 ; 0 ; 0.0 ; 0 ; 
Timmy Jernigan ; 23 ; 13 ; 10 ; 2.5 ; 0 ; 
Chris Long ; 15 ; 12 ; 3 ; 3.0 ; 2 ; 
Kamu Grugier-Hill ; 12 ; 11 ; 1 ; 0.0 ; 1 ; 
Najee Goode ; 11 ; 11 ; 0 ; 0.0 ; 0 ; 
Fletcher Cox ; 15 ; 10 ; 5 ; 5.5 ; 1 ; 
Jaylen Watkins ; 10 ; 9 ; 1 ; 0.0 ; 0 ; 
Beau Allen ; 13 ; 8 ; 5 ; 1.0 ; 0 ; 
Joe Walker ; 10 ; 6 ; 4 ; 0.0 ; 0 ; 
Chris Maragos ; 11 ; 5 ; 6 ; 0.0 ; 0 ; 
Destiny Vaeao ; 7 ; 5 ; 2 ; 0.0 ; 0 ; 
Mack Hollins ; 5 ; 4 ; 1 ; 0.0 ; 0 ; 
Corey Clement ; 4 ; 2 ; 2 ; 0.0 ; 0 ; 
Nate Gerry ; 2 ; 2 ; 0 ; 0.0 ; 0 ; 
Nelson Agholor ; 1 ; 1 ; 0 ; 0.0 ; 0 ; 
Carson Wentz ; 1 ; 1 ; 0 ; 0.0 ; 0 ; 
Isaac Seumalo ; 1 ; 1 ; 0 ; 0.0 ; 0 ; 
Wendell Smallwood ; 1 ; 1 ; 0 ; 0.0 ; 0 ; 
Halapoulivaati Vaitai ; 1 ; 1 ; 0 ; 0.0 ; 0 ; 
Torrey Smith ; 1 ; 1 ; 0 ; 0.0 ; 0 ; 
Rick Lovato ; 1 ; 1 ; 0 ; 0.0 ; 0 ; 
Jake Elliott ; 1 ; 1 ; 0 ; 0.0 ; 0 ; 
Zach Ertz ; 1 ; 1 ; 0 ; 0.0 ; 0 ; 
Justin Hamilton ; 2 ; 0 ; 2 ; 0.5 ; 0 ; 
Brandon Brooks ; 1 ; 0 ; 1 ; 0.0 ; 0 ; 
Darren Sproles ; 1 ; 0 ; 1 ; 0.0 ; 0 ; 
Elijah Qualls ; 1 ; 0 ; 1 ; 0.0 ; 0 ; 
Trey Burton ; 1 ; 0 ; 1 ; 0.0 ; 0 ; 
TEAM TOTAL ; 624 ; 477 ; 147 ; 31 ; 8 ; 
OPPONENTS TOTAL ; 703 ; 527 ; 176 ; 25 ; 10 ; 
Interception Statistics ; 
Player ; Int ; Yds ; Yds/Int ; Long ; TD ; 
Rodney McLeod ; 3 ; 67 ; 22.3 ; 50 ; 0 ; 
Jalen Mills ; 3 ; 53 ; 17.7 ; 37 ; 1 ; 
Patrick Robinson ; 3 ; 17 ; 5.7 ; 17 ; 0 ; 
Corey Graham ; 2 ; 73 ; 36.5 ; 59 ; 0 ; 
Rasul Douglas ; 2 ; 7 ; 3.5 ; 7 ; 0 ; 
Malcolm Jenkins ; 2 ; 0 ; 0.0 ; 0 ; 0 ; 
Ronald Darby ; 1 ; 5 ; 5.0 ; 5 ; 0 ; 
TOTAL ; 16 ; 222 ; 13.9 ; 59 ; 1 ; 
OPPONENTS TOTAL ; 5 ; 40 ; 8.0 ; 24 ; 1 ; 
ps-
